c:\users\tb\documents\hobby\gamedesign\t-engine\t-engine\debug\vc142.pdb
c:\users\tb\documents\hobby\gamedesign\t-engine\t-engine\debug\vc142.idb
c:\users\tb\documents\hobby\gamedesign\t-engine\t-engine\debug\player.obj
c:\users\tb\documents\hobby\gamedesign\t-engine\t-engine\debug\main.obj
c:\users\tb\documents\hobby\gamedesign\t-engine\t-engine\debug\levelloader.obj
c:\users\tb\documents\hobby\gamedesign\t-engine\t-engine\debug\level.obj
c:\users\tb\documents\hobby\gamedesign\t-engine\t-engine\debug\inputmanager.obj
c:\users\tb\documents\hobby\gamedesign\t-engine\t-engine\debug\gamemanager.obj
c:\users\tb\documents\hobby\gamedesign\t-engine\t-engine\debug\entity.obj
c:\users\tb\documents\hobby\gamedesign\t-engine\t-engine\debug\enemy.obj
c:\users\tb\documents\hobby\gamedesign\t-engine\t-engine\debug\collider.obj
c:\users\tb\documents\hobby\gamedesign\t-engine\debug\t-engine.ilk
c:\users\tb\documents\hobby\gamedesign\t-engine\debug\t-engine.exe
c:\users\tb\documents\hobby\gamedesign\t-engine\debug\t-engine.pdb
c:\users\tb\documents\hobby\gamedesign\t-engine\t-engine\debug\t-engine.tlog\cl.command.1.tlog
c:\users\tb\documents\hobby\gamedesign\t-engine\t-engine\debug\t-engine.tlog\cl.read.1.tlog
c:\users\tb\documents\hobby\gamedesign\t-engine\t-engine\debug\t-engine.tlog\cl.write.1.tlog
c:\users\tb\documents\hobby\gamedesign\t-engine\t-engine\debug\t-engine.tlog\link.command.1.tlog
c:\users\tb\documents\hobby\gamedesign\t-engine\t-engine\debug\t-engine.tlog\link.read.1.tlog
c:\users\tb\documents\hobby\gamedesign\t-engine\t-engine\debug\t-engine.tlog\link.write.1.tlog
